2019-09-12 23:29:44 [ThreadId 7] ERROR phoityne - continueRequest failed. [DAP][ERROR] error occurred while runStmt.
Ambiguous occurrence ‘main’
It could refer to either ‘main’,
                         defined at /home/janez/IdeaProjects/auth-provider/app/Main.hs:65:1
                      or ‘main’,
                         imported from ‘Text.Blaze.Html5’ at /home/janez/IdeaProjects/auth-provider/src/Server/BlazeUI.hs:14:1-38
 : Left "[DAP][ERROR] error occurred while runStmt.\nAmbiguous occurrence \8216main\8217\nIt could refer to either \8216main\8217,\n                         defined at /home/janez/IdeaProjects/auth-provider/app/Main.hs:65:1\n                      or \8216main\8217,\n                         imported from \8216Text.Blaze.Html5\8217 at /home/janez/IdeaProjects/auth-provider/src/Server/BlazeUI.hs:14:1-38\n"

2019-09-12 23:31:25 [ThreadId 7] ERROR phoityne - continueRequest failed. [DAP][ERROR] error occurred while runStmt.
Ambiguous occurrence ‘main’
It could refer to either ‘main’,
                         defined at /home/janez/IdeaProjects/auth-provider/app/Main.hs:65:1
                      or ‘main’,
                         imported from ‘Text.Blaze.Html5’ at /home/janez/IdeaProjects/auth-provider/src/Server/BlazeUI.hs:14:1-38
 : Left "[DAP][ERROR] error occurred while runStmt.\nAmbiguous occurrence \8216main\8217\nIt could refer to either \8216main\8217,\n                         defined at /home/janez/IdeaProjects/auth-provider/app/Main.hs:65:1\n                      or \8216main\8217,\n                         imported from \8216Text.Blaze.Html5\8217 at /home/janez/IdeaProjects/auth-provider/src/Server/BlazeUI.hs:14:1-38\n"

2019-09-13 00:03:04 [ThreadId 7] ERROR phoityne - "error: Variable not in scope: maybeAppConfigs"
2019-09-13 00:03:16 [ThreadId 7] ERROR phoityne - "error: Variable not in scope: maybeAppConfigs"
2019-09-13 00:03:35 [ThreadId 7] ERROR phoityne - "error: Variable not in scope: maybeAppConfigs"
2019-09-13 00:05:16 [ThreadId 7] ERROR phoityne - "error: Variable not in scope: between"
2019-09-13 00:05:49 [ThreadId 7] ERROR phoityne - "error: \8226 Variable not in scope: appConfigs \8226 Perhaps you meant data constructor \8216AppConfig\8217 (line 38)"
2019-09-13 00:22:27 [ThreadId 7] ERROR phoityne - "<file descriptor: 25>: hPutChar: resource vanished (Broken pipe)"
